1302108 JAPURA AM 13 5125 849 162 Ensino superior completo - 0 Norte 2015 false
1302108 JAPURA AM 13 5125 849 162 Ensino superior completo - 0 Norte 2015 false
1302702 MANICORE AM 13 53053 1438 190 Ensino superior completo - 0 Norte 2005 false
1502301 CAPITAO POCO PA 15 52693 2229 105 Ensino superior completo - 2006 Norte 2002 false
1502301 CAPITAO POCO PA 15 52693 2229 105 Ensino superior completo - 2006 Norte 2002 false
1506161 RIO MARIA PA 15 17738 763 155 - - 0 Norte 2011 false
1506500 SANTA ISABEL DO PARA PA 15 66490 1972 71 Ensino superior completo Sensibilização/mobilização 0 Norte 2011 false
1506500 SANTA ISABEL DO PARA PA 15 66490 1972 71 Ensino superior completo Sensibilização/mobilização 0 Norte 2011 false
1712454 LUZINOPOLIS TO 17 2945 200 45 Ensino superior completo Definição de diagnóstico e metodologia 0 Norte 2014 false
1712454 LUZINOPOLIS TO 17 2945 200 45 Ensino superior completo Definição de diagnóstico e metodologia 0 Norte 2014 false
1720150 SAO FELIX DO TOCANTINS TO 17 1545 149 24 Ensino superior completo Sensibilização/mobilização 0 Norte 2014 false
1720150 SAO FELIX DO TOCANTINS TO 17 1545 149 24 Ensino superior completo Sensibilização/mobilização 0 Norte 2014 false
2109007 PORTO FRANCO MA 21 23243 1315 197 Ensino superior completo Sensibilização/mobilização 0 Nordeste 2010 false
2109007 PORTO FRANCO MA 21 23243 1315 197 Ensino superior completo Sensibilização/mobilização 0 Nordeste 2010 false
2110237 SANTANA DO MARANHAO MA 21 12987 504 40 - - 2014 Nordeste 2014 false
2202208 CAMPO MAIOR PI 22 45971 1897 254 Ensino superior completo - 0 Nordeste 2000 false
2202208 CAMPO MAIOR PI 22 45971 1897 254 Ensino superior completo - 0 Nordeste 2000 false
2211704 WALL FERRAZ PI 22 4375 215 13 Ensino superior completo - 0 Nordeste 2015 false
2211704 WALL FERRAZ PI 22 4375 215 13 Ensino superior completo - 0 Nordeste 2015 false
2301257 ARARENDA CE 23 10775 635 122 Ensino médio completo - 0 Nordeste 2014 false
2301257 ARARENDA CE 23 10775 635 122 Ensino médio completo - 0 Nordeste 2014 false
2400901 ANTONIO MARTINS RN 24 7205 318 55 - - 0 Nordeste 2015 false
2400901 ANTONIO MARTINS RN 24 7205 318 55 - - 0 Nordeste 2015 false
2503308 CACHOEIRA DOS INDIOS PB 25 10114 365 65 Ensino superior completo - 0 Nordeste 2012 false
2510303 NOVA PALMEIRA PB 25 4784 323 20 - - 0 Nordeste 2014 false
2510303 NOVA PALMEIRA PB 25 4784 323 20 - - 0 Nordeste 2014 false
2513158 SANTA CECILIA PB 25 6583 368 63 Ensino superior completo - 0 Nordeste 2014 false
2513158 SANTA CECILIA PB 25 6583 368 63 Ensino superior completo - 0 Nordeste 2014 false
2601201 ARCOVERDE PE 26 72625 1498 161 Ensino superior completo Sensibilização/mobilização 0 Nordeste 2008 false
2601201 ARCOVERDE PE 26 72625 1498 161 Ensino superior completo Sensibilização/mobilização 0 Nordeste 2008 false
2606408 GRAVATA PE 26 81893 2592 213 Ensino superior completo Sensibilização/mobilização 0 Nordeste 2002 false
2614600 TABIRA PE 26 27958 883 43 Ensino médio completo Sensibilização/mobilização 0 Nordeste 1997 false
2614600 TABIRA PE 26 27958 883 43 Ensino médio completo Sensibilização/mobilização 0 Nordeste 1997 false
2615102 TEREZINHA PE 26 7057 453 147 Ensino superior incompleto Sensibilização/mobilização 0 Nordeste 2004 false
2615102 TEREZINHA PE 26 7057 453 147 Ensino superior incompleto Sensibilização/mobilização 0 Nordeste 2004 false
2708006 SANTANA DO IPANEMA AL 27 47820 2166 122 Ensino fundamental completo - 0 Nordeste 2015 false
2708006 SANTANA DO IPANEMA AL 27 47820 2166 122 Ensino fundamental completo - 0 Nordeste 2015 false
2709103 TAQUARANA AL 27 19980 1090 51 Ensino superior completo - 0 Nordeste 2014 false
2801603 CEDRO DE SAO JOAO SE 28 5890 338 89 - - 0 Nordeste 0 false
2801603 CEDRO DE SAO JOAO SE 28 5890 338 89 - - 0 Nordeste 0 false
2900801 ALCOBACA BA 29 23282 1128 82 Ensino médio completo Implementação de ações da Agenda 21 em políticas públicas 0 Nordeste 2010 false
2900801 ALCOBACA BA 29 23282 1128 82 Ensino médio completo Implementação de ações da Agenda 21 em políticas públicas 0 Nordeste 2010 false
2906709 CANDIDO SALES BA 29 26855 1106 60 Ensino médio completo - 0 Nordeste 2010 false
2906709 CANDIDO SALES BA 29 26855 1106 60 Ensino médio completo - 0 Nordeste 2010 false
2913507 IGUAI BA 29 27787 1252 176 Ensino médio completo - 0 Nordeste 2003 false
2921807 MORTUGABA BA 29 12477 548 20 - - 0 Nordeste 2009 false
2932457 UMBURANAS BA 29 19055 1070 86 Ensino médio completo - 0 Nordeste 2013 true
2932457 UMBURANAS BA 29 19055 1070 86 Ensino médio completo - 0 Nordeste 2013 true
3104601 ASTOLFO DUTRA MG 31 13937 543 26 - - 0 Sudeste 2015 false
3107802 BOM JESUS DO GALHO MG 31 15542 430 54 - - 0 Sudeste 2011 false
3107802 BOM JESUS DO GALHO MG 31 15542 430 54 - - 0 Sudeste 2011 false
3118601 CONTAGEM MG 31 648766 8490 562 Ensino médio completo Implementação de ações da Agenda 21 em políticas públicas 0 Sudeste 2008 false
3118601 CONTAGEM MG 31 648766 8490 562 Ensino médio completo Implementação de ações da Agenda 21 em políticas públicas 0 Sudeste 2008 false
3124104 ESMERALDAS MG 31 67208 1726 125 Ensino superior completo - 2015 Sudeste 2009 false
3126604 FRANCISCO DUMONT MG 31 5160 387 34 Ensino fundamental completo - 0 Sudeste 2013 false
3126604 FRANCISCO DUMONT MG 31 5160 387 34 Ensino fundamental completo - 0 Sudeste 2013 false
3129509 IBIA MG 31 24784 889 80 Ensino superior completo - 0 Sudeste 1995 false
3140100 MARILAC MG 31 4275 354 6 - - 0 Sudeste 2011 false
3140100 MARILAC MG 31 4275 354 6 - - 0 Sudeste 2011 false
3153608 PRUDENTE DE MORAIS MG 31 10388 466 40 - - 0 Sudeste 2000 false
3153608 PRUDENTE DE MORAIS MG 31 10388 466 40 - - 0 Sudeste 2000 false
3153806 QUELUZITO MG 31 1947 160 36 Ensino médio completo - 0 Sudeste 2001 false
3164100 SAO PEDRO DO SUACUI MG 31 5552 325 16 - - 0 Sudeste 2005 false
3164100 SAO PEDRO DO SUACUI MG 31 5552 325 16 - - 0 Sudeste 2005 false
3203403 MIMOSO DO SUL ES 32 27349 1079 100 - Sensibilização/mobilização 0 Sudeste 2015 false
3205101 VIANA ES 32 74499 2542 438 Ensino superior completo - 0 Sudeste 2006 false
3205101 VIANA ES 32 74499 2542 438 Ensino superior completo - 0 Sudeste 2006 false
3507506 BOTUCATU SP 35 139483 2760 106 Ensino superior completo - 0 Sudeste 2003 false
3507506 BOTUCATU SP 35 139483 2760 106 Ensino superior completo - 0 Sudeste 2003 false
3510708 CARDOSO SP 35 12281 460 18 Ensino superior completo - 0 Sudeste 1997 false
3519501 IBIRAREMA SP 35 7376 309 21 - - 0 Sudeste 2015 true
3535507 PARAGUACU PAULISTA SP 35 44794 1727 47 Ensino superior completo - 0 Sudeste 2015 true
3535507 PARAGUACU PAULISTA SP 35 44794 1727 47 Ensino superior completo - 0 Sudeste 2015 true
3545803 SANTA BARBARA D'OESTE SP 35 190139 4875 66 Ensino superior completo - 2011 Sudeste 2006 false
3545803 SANTA BARBARA D'OESTE SP 35 190139 4875 66 Ensino superior completo - 2011 Sudeste 2006 false
4111001 ITAMBARACA PR 41 6852 309 9 - - 0 Sul 2015 false
4114104 MANDAGUACU PR 41 21672 799 61 Ensino superior completo - 2007 Sul 2001 false
4119905 PONTA GROSSA PR 41 337865 8496 263 Ensino superior completo Elaboração do Plano de Desenvolvimento Sustentável 0 Sul 2002 false
4119905 PONTA GROSSA PR 41 337865 8496 263 Ensino superior completo Elaboração do Plano de Desenvolvimento Sustentável 0 Sul 2002 false
4202909 BRUSQUE SC 42 122775 3135 90 Pós-graduação - 2014 Sul 2015 false
4202909 BRUSQUE SC 42 122775 3135 90 Pós-graduação - 2014 Sul 2015 false
4209151 JOSE BOITEUX SC 42 4862 232 16 Pós-graduação - 2015 Sul 2008 true
4214102 PRESIDENTE NEREU SC 42 2309 232 14 Ensino médio completo - 0 Sul 2010 true
4214102 PRESIDENTE NEREU SC 42 2309 232 14 Ensino médio completo - 0 Sul 2010 true
4216354 SAO JOAO DO ITAPERIU SC 42 3634 198 24 Ensino superior completo - 0 Sul 2010 false
4216354 SAO JOAO DO ITAPERIU SC 42 3634 198 24 Ensino superior completo - 0 Sul 2010 false
4308854 GENTIL RS 43 1711 135 21 Ensino fundamental incompleto - 0 Sul 2010 false
4308854 GENTIL RS 43 1711 135 21 Ensino fundamental incompleto - 0 Sul 2010 false
4308904 GETULIO VARGAS RS 43 16647 476 39 Ensino superior completo Sensibilização/mobilização 0 Sul 2002 false
4311981 MARIANA PIMENTEL RS 43 3920 198 13 - - 0 Sul 0 false
4311981 MARIANA PIMENTEL RS 43 3920 198 13 - - 0 Sul 0 false
5004403 INOCENCIA MS 50 7664 540 39 - - 0 Centro-Oeste 2009 true
5004403 INOCENCIA MS 50 7664 540 39 - - 0 Centro-Oeste 2009 true
5006903 PORTO MURTINHO MS 50 16514 670 78 Ensino superior completo - 0 Centro-Oeste 2014 false
5006903 PORTO MURTINHO MS 50 16514 670 78 Ensino superior completo - 0 Centro-Oeste 2014 false
5104609 ITIQUIRA MT 51 12109 913 60 Ensino superior completo - 0 Centro-Oeste 2015 false
5200308 ALEXANIA GO 52 25468 885 118 Ensino superior completo - 0 Centro-Oeste 2013 false
5200308 ALEXANIA GO 52 25468 885 118 Ensino superior completo - 0 Centro-Oeste 2013 false
5203302 BELA VISTA DE GOIAS GO 52 26642 1121 173 - Sensibilização/mobilização 2015 Centro-Oeste 2007 false
5203302 BELA VISTA DE GOIAS GO 52 26642 1121 173 - Sensibilização/mobilização 2015 Centro-Oeste 2007 false
5215405 OURO VERDE DE GOIAS GO 52 4062 311 41 - - 0 Centro-Oeste 2001 false
5220504 SERRANOPOLIS GO 52 7962 421 187 Ensino superior incompleto - 0 Centro-Oeste 2015 false
